2025-04-23 15:13:37,445 [INFO] Loaded input file successfully.
2025-04-23 15:13:37,447 [INFO] Processing started...
2025-04-23 15:13:43,546 [INFO] Using window_size=2048, step=1024 for sliding window chunking.
2025-04-23 15:13:43,548 [INFO] Chunked text into 14 pieces.
2025-04-23 15:13:43,572 [INFO] Top relevant chunk score: 0.0
2025-04-23 15:13:43,572 [ERROR] Failed to save output: [Errno 2] No such file or directory: 'web_scraping//data/processed_chunks.json'
2025-04-23 15:13:43,572 [INFO] Processing complete.
2025-04-23 15:14:48,595 [INFO] Loaded input file successfully.
2025-04-23 15:14:48,595 [INFO] Processing started...
2025-04-23 15:14:54,397 [INFO] Using window_size=2048, step=1024 for sliding window chunking.
2025-04-23 15:14:54,401 [INFO] Chunked text into 14 pieces.
2025-04-23 15:14:54,425 [INFO] Top relevant chunk score: 0.0
2025-04-23 15:14:54,426 [INFO] Saved top 25 relevant chunks to data/processed_chunks.json
2025-04-23 15:14:54,426 [INFO] Processing complete.
2025-04-23 17:11:40,926 [ERROR] Failed to load input file: [Errno 2] No such file or directory: 'data/crawl_output.json'
2025-04-23 17:11:40,926 [INFO] Processing started...
2025-04-23 17:11:40,926 [INFO] Using window_size=512, step=128 for sliding window chunking.
2025-04-23 17:11:40,926 [INFO] Chunked text into 0 pieces.
2025-04-23 17:12:07,837 [ERROR] Failed to load input file: [Errno 2] No such file or directory: 'data/crawl_output.json'
2025-04-23 17:12:07,837 [INFO] Processing started...
2025-04-23 17:12:07,837 [INFO] Using window_size=512, step=128 for sliding window chunking.
2025-04-23 17:12:07,837 [INFO] Chunked text into 0 pieces.
2025-04-23 17:12:48,380 [ERROR] Failed to load input file: [Errno 2] No such file or directory: 'data/crawl_output.json'
2025-04-23 17:12:48,380 [INFO] Processing started...
2025-04-23 17:12:48,380 [INFO] Using window_size=512, step=128 for sliding window chunking.
2025-04-23 17:12:48,380 [INFO] Chunked text into 0 pieces.
2025-04-23 17:13:50,789 [ERROR] Failed to load input file: [Errno 2] No such file or directory: 'data/crawl_output.json'
2025-04-23 17:13:50,789 [INFO] Processing started...
2025-04-23 17:13:50,789 [INFO] Using window_size=512, step=128 for sliding window chunking.
2025-04-23 17:13:50,789 [INFO] Chunked text into 0 pieces.
2025-04-23 17:14:09,646 [INFO] Loaded input file successfully.
2025-04-23 17:14:09,646 [INFO] Processing started...
2025-04-23 17:14:15,052 [INFO] Using window_size=2048, step=1024 for sliding window chunking.
2025-04-23 17:14:15,055 [INFO] Chunked text into 14 pieces.
2025-04-23 17:14:15,070 [INFO] Top relevant chunk score: 0.0
2025-04-23 17:14:15,070 [INFO] Saved top 25 relevant chunks to data/processed_chunks.json
2025-04-23 17:14:15,070 [INFO] Processing complete.
2025-04-23 17:14:19,557 [INFO] Loaded input file successfully.
2025-04-23 17:14:19,557 [INFO] Processing started...
2025-04-23 17:14:25,141 [INFO] Using window_size=2048, step=1024 for sliding window chunking.
2025-04-23 17:14:25,141 [INFO] Chunked text into 14 pieces.
2025-04-23 17:14:25,174 [INFO] Top relevant chunk score: 0.0
2025-04-23 17:14:25,174 [INFO] Saved top 25 relevant chunks to data/processed_chunks.json
2025-04-23 17:14:25,174 [INFO] Processing complete.
2025-04-23 17:15:43,142 [INFO] Loaded input file successfully.
2025-04-23 17:15:43,142 [INFO] Processing started...
2025-04-23 17:15:48,883 [INFO] Using window_size=2048, step=1024 for sliding window chunking.
2025-04-23 17:15:48,883 [INFO] Chunked text into 14 pieces.
2025-04-23 17:15:48,898 [INFO] Top relevant chunk score: 0.0
2025-04-23 17:15:48,898 [INFO] Saved top 25 relevant chunks to data/processed_chunks.json
2025-04-23 17:15:48,898 [INFO] Processing complete.
2025-04-23 17:16:06,619 [ERROR] Failed to load input file: [Errno 2] No such file or directory: 'data/crawl_output.json'
2025-04-23 17:16:06,619 [INFO] Processing started...
2025-04-23 17:16:06,619 [INFO] Using window_size=512, step=128 for sliding window chunking.
2025-04-23 17:16:06,619 [INFO] Chunked text into 0 pieces.
2025-04-23 17:17:04,235 [ERROR] Failed to load input file: [Errno 2] No such file or directory: 'data/crawl_output.json'
2025-04-23 17:17:04,235 [INFO] Processing started...
2025-04-23 17:17:04,235 [INFO] Using window_size=512, step=128 for sliding window chunking.
2025-04-23 17:17:04,235 [INFO] Chunked text into 0 pieces.
2025-04-23 17:18:18,509 [ERROR] Failed to load input file: [Errno 2] No such file or directory: 'data/crawl_output.json'
2025-04-23 17:18:18,509 [INFO] Processing started...
2025-04-23 17:18:18,509 [INFO] Using window_size=512, step=128 for sliding window chunking.
2025-04-23 17:18:18,510 [INFO] Chunked text into 0 pieces.
2025-04-23 17:19:50,740 [INFO] Loaded input file successfully.
2025-04-23 17:19:50,742 [INFO] Processing started...
2025-04-23 17:19:56,513 [INFO] Using window_size=2048, step=1024 for sliding window chunking.
2025-04-23 17:19:56,513 [INFO] Chunked text into 14 pieces.
2025-04-23 17:19:56,529 [INFO] Top relevant chunk score: 0.0
2025-04-23 17:19:56,529 [INFO] Saved top 25 relevant chunks to data/processed_chunks.json
2025-04-23 17:19:56,529 [INFO] Processing complete.
2025-04-23 17:22:07,819 [INFO] Loaded input file successfully.
2025-04-23 17:22:07,819 [INFO] Processing started...
2025-04-23 17:22:13,455 [INFO] Using window_size=2048, step=1024 for sliding window chunking.
2025-04-23 17:22:13,457 [INFO] Chunked text into 14 pieces.
2025-04-23 17:22:13,481 [INFO] Top relevant chunk score: 0.0
2025-04-23 17:22:13,482 [INFO] Saved top 25 relevant chunks to data/processed_chunks.json
2025-04-23 17:22:13,482 [INFO] Processing complete.
2025-04-23 17:22:29,568 [INFO] Loaded input file successfully.
2025-04-23 17:22:29,570 [INFO] Processing started...
2025-04-23 17:22:35,576 [INFO] Using window_size=2048, step=1024 for sliding window chunking.
2025-04-23 17:22:35,576 [INFO] Chunked text into 14 pieces.
2025-04-23 17:22:35,592 [INFO] Top relevant chunk score: 0.0
2025-04-23 17:22:35,592 [INFO] Saved top 25 relevant chunks to data/processed_chunks.json
2025-04-23 17:22:35,592 [INFO] Processing complete.
2025-04-23 17:22:50,698 [INFO] Loaded input file successfully.
2025-04-23 17:22:50,698 [INFO] Processing started...
2025-04-23 17:22:56,185 [INFO] Using window_size=2048, step=1024 for sliding window chunking.
2025-04-23 17:22:56,185 [INFO] Chunked text into 14 pieces.
2025-04-23 17:22:56,201 [INFO] Top relevant chunk score: 0.0
2025-04-23 17:22:57,803 [INFO] Saved top 25 relevant chunks to data/processed_chunks.json
2025-04-23 17:22:57,803 [INFO] Processing complete.
2025-04-23 17:23:09,606 [INFO] Loaded input file successfully.
2025-04-23 17:23:09,608 [INFO] Processing started...
2025-04-23 17:23:15,051 [INFO] Using window_size=2048, step=1024 for sliding window chunking.
2025-04-23 17:23:15,051 [INFO] Chunked text into 14 pieces.
2025-04-23 17:23:15,067 [INFO] Top relevant chunk score: 0.10908890759328825
2025-04-23 17:23:15,067 [INFO] Saved top 25 relevant chunks to data/processed_chunks.json
2025-04-23 17:23:15,067 [INFO] Processing complete.
2025-04-23 17:25:56,357 [INFO] Loaded input file successfully.
2025-04-23 17:25:56,359 [INFO] Processing started...
2025-04-23 17:26:02,410 [INFO] Using window_size=2048, step=1024 for sliding window chunking.
2025-04-23 17:26:02,410 [INFO] Chunked text into 14 pieces.
2025-04-23 17:26:02,426 [INFO] Top relevant chunk score: 0.11178563576911187
2025-04-23 17:26:02,426 [INFO] Saved top 25 relevant chunks to data/processed_chunks.json
2025-04-23 17:26:02,426 [INFO] Processing complete.
2025-04-23 17:26:18,669 [INFO] Loaded input file successfully.
2025-04-23 17:26:18,671 [INFO] Processing started...
2025-04-23 17:26:24,420 [INFO] Using window_size=2048, step=1024 for sliding window chunking.
2025-04-23 17:26:24,423 [INFO] Chunked text into 14 pieces.
2025-04-23 17:26:24,446 [INFO] Top relevant chunk score: 0.11178563576911187
2025-04-23 17:26:24,446 [INFO] Saved top 10 relevant chunks to data/processed_chunks.json
2025-04-23 17:26:24,446 [INFO] Processing complete.
2025-04-23 17:27:51,836 [INFO] Loaded input file successfully.
2025-04-23 17:27:51,837 [INFO] Processing started...
2025-04-23 17:27:57,622 [INFO] Using window_size=2048, step=1024 for sliding window chunking.
2025-04-23 17:27:57,622 [INFO] Chunked text into 14 pieces.
2025-04-23 17:27:57,651 [INFO] Top relevant chunk score: 0.0
2025-04-23 17:27:57,652 [INFO] Saved top 25 relevant chunks to data/processed_chunks.json
2025-04-23 17:27:57,652 [INFO] Processing complete.
2025-04-23 17:53:37,727 [INFO] Loaded input file successfully.
2025-04-23 17:53:37,730 [INFO] Processing started...
2025-04-23 17:53:43,528 [INFO] Using window_size=2048, step=1024 for sliding window chunking.
2025-04-23 17:53:43,528 [INFO] Chunked text into 14 pieces.
2025-04-23 17:53:43,556 [INFO] Top relevant chunk score: 0.0
2025-04-23 17:55:00,714 [INFO] Loaded input file successfully.
2025-04-23 17:55:00,714 [INFO] Processing started...
2025-04-23 17:55:06,437 [INFO] Using window_size=2048, step=1024 for sliding window chunking.
2025-04-23 17:55:06,453 [INFO] Chunked text into 14 pieces.
2025-04-23 17:55:06,469 [INFO] Top relevant chunk score: 0.0
2025-04-23 17:55:06,469 [INFO] Saved top 25 relevant chunks to data/processed_chunks.json
2025-04-23 17:55:06,469 [INFO] Processing complete.
2025-04-23 17:58:54,491 [INFO] Loaded input file successfully.
2025-04-23 17:58:54,495 [INFO] Processing started...
2025-04-23 17:59:00,614 [INFO] Using window_size=2048, step=1024 for sliding window chunking.
2025-04-23 17:59:00,614 [INFO] Chunked text into 14 pieces.
2025-04-23 17:59:00,648 [INFO] Top relevant chunk score: 0.12475691696761547
2025-04-23 17:59:00,648 [INFO] Saved top 25 relevant chunks to data/processed_chunks.json
2025-04-23 17:59:00,648 [INFO] Processing complete.
2025-04-23 17:59:00,648 [INFO] Initializing summary generator with model: facebook/bart-large-cnn
2025-04-23 17:59:06,085 [WARNING] Topic classifier API failed, falling back to local. Reason: InferenceClient.text_classification() got an unexpected keyword argument 'inputs'
2025-04-23 17:59:08,031 [INFO] Generating summary...
2025-04-23 17:59:09,945 [INFO] Generating summary...
2025-04-23 17:59:10,978 [INFO] Generating summary...
2025-04-23 17:59:12,359 [INFO] Generating summary...
2025-04-23 17:59:14,614 [INFO] Generating summary...
2025-04-23 17:59:16,497 [INFO] Generating summary...
2025-04-23 17:59:17,657 [INFO] Generating summary...
2025-04-23 17:59:18,818 [INFO] Generating summary...
2025-04-23 17:59:20,167 [INFO] Generating summary...
2025-04-23 17:59:21,436 [INFO] Generating summary...
2025-04-23 17:59:22,766 [INFO] Generating summary...
2025-04-23 17:59:23,674 [INFO] Generating summary...
2025-04-23 17:59:25,042 [INFO] Generating summary...
2025-04-23 17:59:26,917 [INFO] Generating summary...
2025-04-23 17:59:28,533 [INFO] Generating summary...
2025-04-23 17:59:31,108 [INFO] Generating summary...
2025-04-23 17:59:33,542 [INFO] Generating summary...
2025-04-23 17:59:34,817 [INFO] Generating summary...
2025-04-23 17:59:36,500 [INFO] Generating summary...
2025-04-23 17:59:37,778 [INFO] Generating summary...
2025-04-23 17:59:38,847 [INFO] Generating summary...
2025-04-23 17:59:39,996 [INFO] Generating summary...
2025-04-23 17:59:40,943 [INFO] Generating summary...
2025-04-23 17:59:42,201 [INFO] Generating summary...
2025-04-23 17:59:43,222 [INFO] Generating summary...
2025-04-23 17:59:44,406 [INFO] Saved summaries to data/memory.json
2025-04-23 18:01:47,539 [INFO] Loaded input file successfully.
2025-04-23 18:01:47,541 [INFO] Processing started...
2025-04-23 18:01:53,544 [INFO] Using window_size=2048, step=1024 for sliding window chunking.
2025-04-23 18:01:53,546 [INFO] Chunked text into 14 pieces.
2025-04-23 18:01:53,569 [INFO] Top relevant chunk score: 0.0
2025-04-23 18:01:53,570 [INFO] Saved top 25 relevant chunks to data/processed_chunks.json
2025-04-23 18:01:53,570 [INFO] Processing complete.
